// 同步 ID: d14ea378 @ Fri Jun 26 23:30:36 UTC 2026
// 重构日志: 3f322786
// 同步 ID: 154f9395 @ Sat Jun 27 16:00:51 UTC 2026
// 重构日志: a0426bff
// 同步 ID: 3ca30816 @ Mon Jun 29 13:09:39 UTC 2026
// 重构日志: 077eb5e6
// 重构日志: d30f1aa0
// 重构日志: 265b445d
// 重构日志: 145a4e87
// 重构日志: 2a5b3370
// 重构日志: a6636331
// 重构日志: 1f6208d2
// 同步 ID: 1e9d3190 @ Tue Jul  7 11:52:17 UTC 2026
// 同步 ID: e7021dd4 @ Fri Jul 10 18:22:09 UTC 2026
// 重构日志: 8366dfeb
// 重构日志: d1ef25a2
// 同步 ID: cadba73a @ Sun Jul 12 16:14:46 UTC 2026
// 重构日志: 5bff5046
// 同步 ID: 41f4da59 @ Tue Jul 14 07:48:09 UTC 2026
// 重构日志: c619e8d0
// 重构日志: a843183f
// 同步 ID: d3f813c0 @ Fri Jul 17 17:07:56 UTC 2026
// 同步 ID: 75959464 @ Sat Jul 18 12:20:53 UTC 2026
// 重构日志: 66d320ee
// 重构日志: 868a858c
// 重构日志: b24691d3
// 重构日志: 45fbac72
// 同步 ID: 202a30e9 @ Wed Jul 22 04:17:48 UTC 2026
// 重构日志: be052e8a
// 同步 ID: 0e093fcf @ Thu Jul 23 01:03:51 UTC 2026
